{"C:\\Users\\ABC\\weatherAPP\\App.tsx": {"path":"C:\\Users\\ABC\\weatherAPP\\App.tsx","statementMap":{"0":{"start":{"line":6,"column":4},"end":{"line":8,"column":6}}},"fnMap":{"0":{"name":"(anonymous_0)","decl":{"start":{"line":5,"column":2},"end":{"line":5,"column":3}},"loc":{"start":{"line":5,"column":11},"end":{"line":9,"column":3}},"line":5}},"branchMap":{},"s":{"0":2},"f":{"0":2},"b":{},"_coverageSchema":"1a1c01bbd47fc00a2c39e90264f33305004495a9","hash":"5b1a0dab9e483e5acd1f2fcbe52476961062f468"}
,"C:\\Users\\ABC\\weatherAPP\\src\\components\\Note.tsx": {"path":"C:\\Users\\ABC\\weatherAPP\\src\\components\\Note.tsx","statementMap":{"0":{"start":{"line":27,"column":4},"end":{"line":27,"column":16}},"1":{"start":{"line":28,"column":4},"end":{"line":31,"column":5}},"2":{"start":{"line":34,"column":15},"end":{"line":38,"column":3}},"3":{"start":{"line":35,"column":4},"end":{"line":37,"column":6}},"4":{"start":{"line":40,"column":14},"end":{"line":44,"column":3}},"5":{"start":{"line":41,"column":4},"end":{"line":43,"column":6}},"6":{"start":{"line":46,"column":16},"end":{"line":68,"column":3}},"7":{"start":{"line":47,"column":4},"end":{"line":49,"column":6}},"8":{"start":{"line":50,"column":19},"end":{"line":50,"column":54}},"9":{"start":{"line":51,"column":16},"end":{"line":51,"column":18}},"10":{"start":{"line":52,"column":4},"end":{"line":54,"column":5}},"11":{"start":{"line":53,"column":6},"end":{"line":53,"column":32}},"12":{"start":{"line":56,"column":22},"end":{"line":64,"column":6}},"13":{"start":{"line":57,"column":6},"end":{"line":62,"column":7}},"14":{"start":{"line":58,"column":8},"end":{"line":58,"column":23}},"15":{"start":{"line":59,"column":8},"end":{"line":59,"column":21}},"16":{"start":{"line":60,"column":8},"end":{"line":60,"column":26}},"17":{"start":{"line":61,"column":8},"end":{"line":61,"column":21}},"18":{"start":{"line":63,"column":6},"end":{"line":63,"column":15}},"19":{"start":{"line":66,"column":4},"end":{"line":66,"column":66}},"20":{"start":{"line":67,"column":4},"end":{"line":67,"column":27}},"21":{"start":{"line":71,"column":15},"end":{"line":84,"column":3}},"22":{"start":{"line":72,"column":19},"end":{"line":72,"column":54}},"23":{"start":{"line":73,"column":16},"end":{"line":73,"column":18}},"24":{"start":{"line":74,"column":4},"end":{"line":76,"column":5}},"25":{"start":{"line":75,"column":6},"end":{"line":75,"column":33}},"26":{"start":{"line":78,"column":21},"end":{"line":80,"column":5}},"27":{"start":{"line":79,"column":13},"end":{"line":79,"column":40}},"28":{"start":{"line":82,"column":4},"end":{"line":82,"column":66}},"29":{"start":{"line":83,"column":4},"end":{"line":83,"column":27}},"30":{"start":{"line":86,"column":17},"end":{"line":104,"column":3}},"31":{"start":{"line":87,"column":4},"end":{"line":103,"column":6}},"32":{"start":{"line":93,"column":25},"end":{"line":93,"column":42}},"33":{"start":{"line":97,"column":25},"end":{"line":97,"column":46}},"34":{"start":{"line":106,"column":28},"end":{"line":106,"column":43}},"35":{"start":{"line":107,"column":4},"end":{"line":129,"column":6}},"36":{"start":{"line":133,"column":14},"end":{"line":133,"column":49}},"37":{"start":{"line":135,"column":15},"end":{"line":171,"column":2}}},"fnMap":{"0":{"name":"(anonymous_0)","decl":{"start":{"line":26,"column":2},"end":{"line":26,"column":3}},"loc":{"start":{"line":26,"column":28},"end":{"line":32,"column":3}},"line":26},"1":{"name":"(anonymous_1)","decl":{"start":{"line":34,"column":15},"end":{"line":34,"column":16}},"loc":{"start":{"line":34,"column":20},"end":{"line":38,"column":3}},"line":34},"2":{"name":"(anonymous_2)","decl":{"start":{"line":40,"column":14},"end":{"line":40,"column":15}},"loc":{"start":{"line":40,"column":19},"end":{"line":44,"column":3}},"line":40},"3":{"name":"(anonymous_3)","decl":{"start":{"line":46,"column":16},"end":{"line":46,"column":17}},"loc":{"start":{"line":46,"column":68},"end":{"line":68,"column":3}},"line":46},"4":{"name":"(anonymous_4)","decl":{"start":{"line":56,"column":35},"end":{"line":56,"column":36}},"loc":{"start":{"line":56,"column":40},"end":{"line":64,"column":5}},"line":56},"5":{"name":"(anonymous_5)","decl":{"start":{"line":71,"column":15},"end":{"line":71,"column":16}},"loc":{"start":{"line":71,"column":27},"end":{"line":84,"column":3}},"line":71},"6":{"name":"(anonymous_6)","decl":{"start":{"line":79,"column":6},"end":{"line":79,"column":7}},"loc":{"start":{"line":79,"column":13},"end":{"line":79,"column":40}},"line":79},"7":{"name":"(anonymous_7)","decl":{"start":{"line":86,"column":17},"end":{"line":86,"column":18}},"loc":{"start":{"line":86,"column":23},"end":{"line":104,"column":3}},"line":86},"8":{"name":"(anonymous_8)","decl":{"start":{"line":93,"column":19},"end":{"line":93,"column":20}},"loc":{"start":{"line":93,"column":25},"end":{"line":93,"column":42}},"line":93},"9":{"name":"(anonymous_9)","decl":{"start":{"line":97,"column":19},"end":{"line":97,"column":20}},"loc":{"start":{"line":97,"column":25},"end":{"line":97,"column":46}},"line":97},"10":{"name":"(anonymous_10)","decl":{"start":{"line":105,"column":2},"end":{"line":105,"column":3}},"loc":{"start":{"line":105,"column":11},"end":{"line":130,"column":3}},"line":105}},"branchMap":{"0":{"loc":{"start":{"line":52,"column":4},"end":{"line":54,"column":5}},"type":"if","locations":[{"start":{"line":52,"column":4},"end":{"line":54,"column":5}},{"start":{},"end":{}}],"line":52},"1":{"loc":{"start":{"line":57,"column":6},"end":{"line":62,"column":7}},"type":"if","locations":[{"start":{"line":57,"column":6},"end":{"line":62,"column":7}},{"start":{},"end":{}}],"line":57},"2":{"loc":{"start":{"line":74,"column":4},"end":{"line":76,"column":5}},"type":"if","locations":[{"start":{"line":74,"column":4},"end":{"line":76,"column":5}},{"start":{},"end":{}}],"line":74}},"s":{"0":11,"1":11,"2":11,"3":1,"4":11,"5":2,"6":11,"7":1,"8":1,"9":1,"10":1,"11":0,"12":1,"13":0,"14":0,"15":0,"16":0,"17":0,"18":0,"19":1,"20":1,"21":11,"22":1,"23":1,"24":1,"25":0,"26":1,"27":0,"28":1,"29":1,"30":11,"31":1,"32":1,"33":0,"34":16,"35":16,"36":6,"37":6},"f":{"0":11,"1":1,"2":2,"3":1,"4":0,"5":1,"6":0,"7":1,"8":1,"9":0,"10":16},"b":{"0":[0,1],"1":[0,0],"2":[0,1]},"_coverageSchema":"1a1c01bbd47fc00a2c39e90264f33305004495a9","hash":"979905a530d9b5e43c48445b9115b019c78b6d20"}
,"C:\\Users\\ABC\\weatherAPP\\src\\components\\SearchBar.tsx": {"path":"C:\\Users\\ABC\\weatherAPP\\src\\components\\SearchBar.tsx","statementMap":{"0":{"start":{"line":12,"column":4},"end":{"line":16,"column":6}},"1":{"start":{"line":20,"column":15},"end":{"line":31,"column":2}}},"fnMap":{"0":{"name":"(anonymous_0)","decl":{"start":{"line":11,"column":2},"end":{"line":11,"column":3}},"loc":{"start":{"line":11,"column":11},"end":{"line":17,"column":3}},"line":11}},"branchMap":{},"s":{"0":22,"1":5},"f":{"0":22},"b":{},"_coverageSchema":"1a1c01bbd47fc00a2c39e90264f33305004495a9","hash":"05463eb4a81f0caf0500e8f9d2ce5024542313ae"}
,"C:\\Users\\ABC\\weatherAPP\\src\\modules\\NoteInputModal.tsx": {"path":"C:\\Users\\ABC\\weatherAPP\\src\\modules\\NoteInputModal.tsx","statementMap":{"0":{"start":{"line":31,"column":4},"end":{"line":31,"column":16}},"1":{"start":{"line":32,"column":4},"end":{"line":35,"column":5}},"2":{"start":{"line":39,"column":29},"end":{"line":39,"column":39}},"3":{"start":{"line":40,"column":4},"end":{"line":45,"column":5}},"4":{"start":{"line":41,"column":6},"end":{"line":44,"column":8}},"5":{"start":{"line":48,"column":21},"end":{"line":50,"column":3}},"6":{"start":{"line":49,"column":4},"end":{"line":49,"column":22}},"7":{"start":{"line":52,"column":15},"end":{"line":63,"column":3}},"8":{"start":{"line":53,"column":4},"end":{"line":53,"column":34}},"9":{"start":{"line":54,"column":4},"end":{"line":57,"column":5}},"10":{"start":{"line":55,"column":6},"end":{"line":55,"column":26}},"11":{"start":{"line":56,"column":6},"end":{"line":56,"column":12}},"12":{"start":{"line":58,"column":4},"end":{"line":61,"column":6}},"13":{"start":{"line":62,"column":4},"end":{"line":62,"column":24}},"14":{"start":{"line":65,"column":21},"end":{"line":75,"column":3}},"15":{"start":{"line":66,"column":4},"end":{"line":74,"column":5}},"16":{"start":{"line":67,"column":6},"end":{"line":69,"column":8}},"17":{"start":{"line":70,"column":11},"end":{"line":74,"column":5}},"18":{"start":{"line":71,"column":6},"end":{"line":73,"column":8}},"19":{"start":{"line":77,"column":17},"end":{"line":93,"column":3}},"20":{"start":{"line":78,"column":4},"end":{"line":80,"column":5}},"21":{"start":{"line":79,"column":6},"end":{"line":79,"column":33}},"22":{"start":{"line":82,"column":4},"end":{"line":90,"column":5}},"23":{"start":{"line":83,"column":6},"end":{"line":83,"column":72}},"24":{"start":{"line":85,"column":6},"end":{"line":85,"column":60}},"25":{"start":{"line":86,"column":6},"end":{"line":89,"column":8}},"26":{"start":{"line":92,"column":4},"end":{"line":92,"column":24}},"27":{"start":{"line":96,"column":24},"end":{"line":96,"column":34}},"28":{"start":{"line":97,"column":4},"end":{"line":143,"column":5}},"29":{"start":{"line":123,"column":36},"end":{"line":123,"column":72}},"30":{"start":{"line":129,"column":36},"end":{"line":129,"column":71}},"31":{"start":{"line":147,"column":15},"end":{"line":196,"column":2}}},"fnMap":{"0":{"name":"(anonymous_0)","decl":{"start":{"line":30,"column":2},"end":{"line":30,"column":3}},"loc":{"start":{"line":30,"column":30},"end":{"line":36,"column":3}},"line":30},"1":{"name":"(anonymous_1)","decl":{"start":{"line":38,"column":2},"end":{"line":38,"column":3}},"loc":{"start":{"line":38,"column":28},"end":{"line":46,"column":3}},"line":38},"2":{"name":"(anonymous_2)","decl":{"start":{"line":48,"column":21},"end":{"line":48,"column":22}},"loc":{"start":{"line":48,"column":27},"end":{"line":50,"column":3}},"line":48},"3":{"name":"(anonymous_3)","decl":{"start":{"line":52,"column":15},"end":{"line":52,"column":16}},"loc":{"start":{"line":52,"column":21},"end":{"line":63,"column":3}},"line":52},"4":{"name":"(anonymous_4)","decl":{"start":{"line":65,"column":21},"end":{"line":65,"column":22}},"loc":{"start":{"line":65,"column":57},"end":{"line":75,"column":3}},"line":65},"5":{"name":"(anonymous_5)","decl":{"start":{"line":77,"column":17},"end":{"line":77,"column":18}},"loc":{"start":{"line":77,"column":23},"end":{"line":93,"column":3}},"line":77},"6":{"name":"(anonymous_6)","decl":{"start":{"line":95,"column":2},"end":{"line":95,"column":3}},"loc":{"start":{"line":95,"column":11},"end":{"line":144,"column":3}},"line":95},"7":{"name":"(anonymous_7)","decl":{"start":{"line":123,"column":28},"end":{"line":123,"column":29}},"loc":{"start":{"line":123,"column":36},"end":{"line":123,"column":72}},"line":123},"8":{"name":"(anonymous_8)","decl":{"start":{"line":129,"column":28},"end":{"line":129,"column":29}},"loc":{"start":{"line":129,"column":36},"end":{"line":129,"column":71}},"line":129}},"branchMap":{"0":{"loc":{"start":{"line":33,"column":13},"end":{"line":33,"column":40}},"type":"binary-expr","locations":[{"start":{"line":33,"column":13},"end":{"line":33,"column":34}},{"start":{"line":33,"column":38},"end":{"line":33,"column":40}}],"line":33},"1":{"loc":{"start":{"line":34,"column":12},"end":{"line":34,"column":38}},"type":"binary-expr","locations":[{"start":{"line":34,"column":12},"end":{"line":34,"column":32}},{"start":{"line":34,"column":36},"end":{"line":34,"column":38}}],"line":34},"2":{"loc":{"start":{"line":40,"column":4},"end":{"line":45,"column":5}},"type":"if","locations":[{"start":{"line":40,"column":4},"end":{"line":45,"column":5}},{"start":{},"end":{}}],"line":40},"3":{"loc":{"start":{"line":54,"column":4},"end":{"line":57,"column":5}},"type":"if","locations":[{"start":{"line":54,"column":4},"end":{"line":57,"column":5}},{"start":{},"end":{}}],"line":54},"4":{"loc":{"start":{"line":66,"column":4},"end":{"line":74,"column":5}},"type":"if","locations":[{"start":{"line":66,"column":4},"end":{"line":74,"column":5}},{"start":{"line":70,"column":11},"end":{"line":74,"column":5}}],"line":66},"5":{"loc":{"start":{"line":70,"column":11},"end":{"line":74,"column":5}},"type":"if","locations":[{"start":{"line":70,"column":11},"end":{"line":74,"column":5}},{"start":{},"end":{}}],"line":70},"6":{"loc":{"start":{"line":78,"column":4},"end":{"line":80,"column":5}},"type":"if","locations":[{"start":{"line":78,"column":4},"end":{"line":80,"column":5}},{"start":{},"end":{}}],"line":78},"7":{"loc":{"start":{"line":78,"column":8},"end":{"line":78,"column":59}},"type":"binary-expr","locations":[{"start":{"line":78,"column":8},"end":{"line":78,"column":32}},{"start":{"line":78,"column":36},"end":{"line":78,"column":59}}],"line":78},"8":{"loc":{"start":{"line":82,"column":4},"end":{"line":90,"column":5}},"type":"if","locations":[{"start":{"line":82,"column":4},"end":{"line":90,"column":5}},{"start":{"line":84,"column":11},"end":{"line":90,"column":5}}],"line":82}},"s":{"0":21,"1":21,"2":21,"3":21,"4":11,"5":21,"6":0,"7":21,"8":1,"9":1,"10":0,"11":0,"12":1,"13":1,"14":21,"15":2,"16":1,"17":1,"18":1,"19":21,"20":1,"21":0,"22":1,"23":0,"24":1,"25":1,"26":1,"27":53,"28":53,"29":0,"30":0,"31":6},"f":{"0":21,"1":21,"2":0,"3":1,"4":2,"5":1,"6":53,"7":0,"8":0},"b":{"0":[21,13],"1":[21,15],"2":[11,10],"3":[0,1],"4":[1,1],"5":[1,0],"6":[0,1],"7":[1,0],"8":[0,1]},"_coverageSchema":"1a1c01bbd47fc00a2c39e90264f33305004495a9","hash":"21af891a9e8545e1737453ebbe33e5c085b1048b"}
,"C:\\Users\\ABC\\weatherAPP\\src\\modules\\NoteScreen.tsx": {"path":"C:\\Users\\ABC\\weatherAPP\\src\\modules\\NoteScreen.tsx","statementMap":{"0":{"start":{"line":30,"column":4},"end":{"line":30,"column":17}},"1":{"start":{"line":31,"column":4},"end":{"line":34,"column":6}},"2":{"start":{"line":38,"column":4},"end":{"line":38,"column":21}},"3":{"start":{"line":41,"column":14},"end":{"line":49,"column":3}},"4":{"start":{"line":42,"column":19},"end":{"line":42,"column":54}},"5":{"start":{"line":43,"column":4},"end":{"line":43,"column":34}},"6":{"start":{"line":44,"column":4},"end":{"line":48,"column":5}},"7":{"start":{"line":45,"column":6},"end":{"line":47,"column":9}},"8":{"start":{"line":51,"column":17},"end":{"line":58,"column":3}},"9":{"start":{"line":52,"column":17},"end":{"line":52,"column":77}},"10":{"start":{"line":53,"column":25},"end":{"line":53,"column":52}},"11":{"start":{"line":54,"column":4},"end":{"line":56,"column":7}},"12":{"start":{"line":57,"column":4},"end":{"line":57,"column":70}},"13":{"start":{"line":60,"column":14},"end":{"line":64,"column":3}},"14":{"start":{"line":61,"column":4},"end":{"line":63,"column":7}},"15":{"start":{"line":66,"column":15},"end":{"line":70,"column":3}},"16":{"start":{"line":67,"column":4},"end":{"line":69,"column":7}},"17":{"start":{"line":73,"column":4},"end":{"line":109,"column":6}},"18":{"start":{"line":83,"column":38},"end":{"line":83,"column":56}},"19":{"start":{"line":85,"column":38},"end":{"line":85,"column":85}},"20":{"start":{"line":113,"column":15},"end":{"line":148,"column":2}}},"fnMap":{"0":{"name":"(anonymous_0)","decl":{"start":{"line":29,"column":2},"end":{"line":29,"column":3}},"loc":{"start":{"line":29,"column":30},"end":{"line":35,"column":3}},"line":29},"1":{"name":"(anonymous_1)","decl":{"start":{"line":37,"column":2},"end":{"line":37,"column":3}},"loc":{"start":{"line":37,"column":28},"end":{"line":39,"column":3}},"line":37},"2":{"name":"(anonymous_2)","decl":{"start":{"line":41,"column":14},"end":{"line":41,"column":15}},"loc":{"start":{"line":41,"column":26},"end":{"line":49,"column":3}},"line":41},"3":{"name":"(anonymous_3)","decl":{"start":{"line":51,"column":17},"end":{"line":51,"column":18}},"loc":{"start":{"line":51,"column":56},"end":{"line":58,"column":3}},"line":51},"4":{"name":"(anonymous_4)","decl":{"start":{"line":60,"column":14},"end":{"line":60,"column":15}},"loc":{"start":{"line":60,"column":20},"end":{"line":64,"column":3}},"line":60},"5":{"name":"(anonymous_5)","decl":{"start":{"line":66,"column":15},"end":{"line":66,"column":16}},"loc":{"start":{"line":66,"column":21},"end":{"line":70,"column":3}},"line":66},"6":{"name":"(anonymous_6)","decl":{"start":{"line":72,"column":2},"end":{"line":72,"column":3}},"loc":{"start":{"line":72,"column":11},"end":{"line":110,"column":3}},"line":72},"7":{"name":"(anonymous_7)","decl":{"start":{"line":83,"column":28},"end":{"line":83,"column":29}},"loc":{"start":{"line":83,"column":38},"end":{"line":83,"column":56}},"line":83},"8":{"name":"(anonymous_8)","decl":{"start":{"line":85,"column":26},"end":{"line":85,"column":27}},"loc":{"start":{"line":85,"column":38},"end":{"line":85,"column":85}},"line":85}},"branchMap":{"0":{"loc":{"start":{"line":44,"column":4},"end":{"line":48,"column":5}},"type":"if","locations":[{"start":{"line":44,"column":4},"end":{"line":48,"column":5}},{"start":{},"end":{}}],"line":44},"1":{"loc":{"start":{"line":87,"column":13},"end":{"line":93,"column":20}},"type":"cond-expr","locations":[{"start":{"line":88,"column":14},"end":{"line":92,"column":21}},{"start":{"line":93,"column":16},"end":{"line":93,"column":20}}],"line":87}},"s":{"0":9,"1":9,"2":9,"3":9,"4":12,"5":12,"6":12,"7":6,"8":9,"9":2,"10":2,"11":2,"12":2,"13":9,"14":1,"15":9,"16":3,"17":21,"18":5,"19":5,"20":5},"f":{"0":9,"1":9,"2":12,"3":2,"4":1,"5":3,"6":21,"7":5,"8":5},"b":{"0":[6,6],"1":[16,5]},"_coverageSchema":"1a1c01bbd47fc00a2c39e90264f33305004495a9","hash":"0f653c3e7cbace6cdace3aa6a94d51900bac3641"}
,"C:\\Users\\ABC\\weatherAPP\\src\\utils\\Strings.ts": {"path":"C:\\Users\\ABC\\weatherAPP\\src\\utils\\Strings.ts","statementMap":{},"fnMap":{},"branchMap":{},"s":{},"f":{},"b":{},"_coverageSchema":"1a1c01bbd47fc00a2c39e90264f33305004495a9","hash":"36819911d9ce1db2c5538a78c941aaff064088d3"}
,"C:\\Users\\ABC\\weatherAPP\\src\\utils\\colors.ts": {"path":"C:\\Users\\ABC\\weatherAPP\\src\\utils\\colors.ts","statementMap":{},"fnMap":{},"branchMap":{},"s":{},"f":{},"b":{},"_coverageSchema":"1a1c01bbd47fc00a2c39e90264f33305004495a9","hash":"c7fd398235f1509746981a55f6df19b57c475ff6"}
}
