TN:
SF:App.tsx
FN:5,(anonymous_0)
FNF:1
FNH:1
FNDA:2,(anonymous_0)
DA:6,2
LF:1
LH:1
BRF:0
BRH:0
end_of_record
TN:
SF:src\components\Note.tsx
FN:26,(anonymous_0)
FN:34,(anonymous_1)
FN:40,(anonymous_2)
FN:46,(anonymous_3)
FN:56,(anonymous_4)
FN:71,(anonymous_5)
FN:79,(anonymous_6)
FN:86,(anonymous_7)
FN:93,(anonymous_8)
FN:97,(anonymous_9)
FN:105,(anonymous_10)
FNF:11
FNH:8
FNDA:11,(anonymous_0)
FNDA:1,(anonymous_1)
FNDA:2,(anonymous_2)
FNDA:1,(anonymous_3)
FNDA:0,(anonymous_4)
FNDA:1,(anonymous_5)
FNDA:0,(anonymous_6)
FNDA:1,(anonymous_7)
FNDA:1,(anonymous_8)
FNDA:0,(anonymous_9)
FNDA:16,(anonymous_10)
DA:27,11
DA:28,11
DA:34,11
DA:35,1
DA:40,11
DA:41,2
DA:46,11
DA:47,1
DA:50,1
DA:51,1
DA:52,1
DA:53,0
DA:56,1
DA:57,0
DA:58,0
DA:59,0
DA:60,0
DA:61,0
DA:63,0
DA:66,1
DA:67,1
DA:71,11
DA:72,1
DA:73,1
DA:74,1
DA:75,0
DA:78,1
DA:79,0
DA:82,1
DA:83,1
DA:86,11
DA:87,1
DA:93,1
DA:97,0
DA:106,16
DA:107,16
DA:133,6
DA:135,6
LF:38
LH:28
BRDA:52,0,0,0
BRDA:52,0,1,1
BRDA:57,1,0,0
BRDA:57,1,1,0
BRDA:74,2,0,0
BRDA:74,2,1,1
BRF:6
BRH:2
end_of_record
TN:
SF:src\components\SearchBar.tsx
FN:11,(anonymous_0)
FNF:1
FNH:1
FNDA:22,(anonymous_0)
DA:12,22
DA:20,5
LF:2
LH:2
BRF:0
BRH:0
end_of_record
TN:
SF:src\modules\NoteInputModal.tsx
FN:30,(anonymous_0)
FN:38,(anonymous_1)
FN:48,(anonymous_2)
FN:52,(anonymous_3)
FN:65,(anonymous_4)
FN:77,(anonymous_5)
FN:95,(anonymous_6)
FN:123,(anonymous_7)
FN:129,(anonymous_8)
FNF:9
FNH:6
FNDA:21,(anonymous_0)
FNDA:21,(anonymous_1)
FNDA:0,(anonymous_2)
FNDA:1,(anonymous_3)
FNDA:2,(anonymous_4)
FNDA:1,(anonymous_5)
FNDA:53,(anonymous_6)
FNDA:0,(anonymous_7)
FNDA:0,(anonymous_8)
DA:31,21
DA:32,21
DA:39,21
DA:40,21
DA:41,11
DA:48,21
DA:49,0
DA:52,21
DA:53,1
DA:54,1
DA:55,0
DA:56,0
DA:58,1
DA:62,1
DA:65,21
DA:66,2
DA:67,1
DA:70,1
DA:71,1
DA:77,21
DA:78,1
DA:79,0
DA:82,1
DA:83,0
DA:85,1
DA:86,1
DA:92,1
DA:96,53
DA:97,53
DA:123,0
DA:129,0
DA:147,6
LF:32
LH:25
BRDA:33,0,0,21
BRDA:33,0,1,13
BRDA:34,1,0,21
BRDA:34,1,1,15
BRDA:40,2,0,11
BRDA:40,2,1,10
BRDA:54,3,0,0
BRDA:54,3,1,1
BRDA:66,4,0,1
BRDA:66,4,1,1
BRDA:70,5,0,1
BRDA:70,5,1,0
BRDA:78,6,0,0
BRDA:78,6,1,1
BRDA:78,7,0,1
BRDA:78,7,1,0
BRDA:82,8,0,0
BRDA:82,8,1,1
BRF:18
BRH:13
end_of_record
TN:
SF:src\modules\NoteScreen.tsx
FN:29,(anonymous_0)
FN:37,(anonymous_1)
FN:41,(anonymous_2)
FN:51,(anonymous_3)
FN:60,(anonymous_4)
FN:66,(anonymous_5)
FN:72,(anonymous_6)
FN:83,(anonymous_7)
FN:85,(anonymous_8)
FNF:9
FNH:9
FNDA:9,(anonymous_0)
FNDA:9,(anonymous_1)
FNDA:12,(anonymous_2)
FNDA:2,(anonymous_3)
FNDA:1,(anonymous_4)
FNDA:3,(anonymous_5)
FNDA:21,(anonymous_6)
FNDA:5,(anonymous_7)
FNDA:5,(anonymous_8)
DA:30,9
DA:31,9
DA:38,9
DA:41,9
DA:42,12
DA:43,12
DA:44,12
DA:45,6
DA:51,9
DA:52,2
DA:53,2
DA:54,2
DA:57,2
DA:60,9
DA:61,1
DA:66,9
DA:67,3
DA:73,21
DA:83,5
DA:85,5
DA:113,5
LF:21
LH:21
BRDA:44,0,0,6
BRDA:44,0,1,6
BRDA:87,1,0,16
BRDA:87,1,1,5
BRF:4
BRH:4
end_of_record
TN:
SF:src\utils\Strings.ts
FNF:0
FNH:0
LF:0
LH:0
BRF:0
BRH:0
end_of_record
TN:
SF:src\utils\colors.ts
FNF:0
FNH:0
LF:0
LH:0
BRF:0
BRH:0
end_of_record
